{"sessionId": "138a82", "timestamp": 1774731734535, "location": "dashboard.py", "message": "SERVER_STARTUP", "data": {"pid": 29864, "endpoints_registered": ["/api/scan/stream", "/api/export/json", "/api/export/csv", "/api/export/html", "/api/ai-analysis", "/api/send-email", "/api/dependency-map"], "ai_key_set": true, "smtp_host_set": true}, "hypothesisId": "H2"}
{"sessionId": "138a82", "timestamp": 1774731815482, "location": "dashboard.py", "message": "DO_POST_CALLED", "data": {"raw": "/api/scan/stream", "parsed": "/api/scan/stream"}, "hypothesisId": "H1"}
{"sessionId": "138a82", "timestamp": 1774731818907, "location": "dashboard.py", "message": "DO_POST_CALLED", "data": {"raw": "/api/dependency-map", "parsed": "/api/dependency-map"}, "hypothesisId": "H1"}
{"sessionId": "138a82", "timestamp": 1774731836943, "location": "dashboard.py", "message": "DO_POST_CALLED", "data": {"raw": "/api/send-email", "parsed": "/api/send-email"}, "hypothesisId": "H1"}
{"sessionId": "138a82", "timestamp": 1774731866929, "location": "dashboard.py", "message": "DO_POST_CALLED", "data": {"raw": "/api/ai-analysis", "parsed": "/api/ai-analysis"}, "hypothesisId": "H1"}
{"sessionId": "138a82", "timestamp": 1774732114802, "location": "dashboard.py", "message": "DO_POST_CALLED", "data": {"raw": "/api/scan/stream", "parsed": "/api/scan/stream"}, "hypothesisId": "H1"}
{"sessionId": "138a82", "timestamp": 1774732120096, "location": "dashboard.py", "message": "DO_POST_CALLED", "data": {"raw": "/api/ai-analysis", "parsed": "/api/ai-analysis"}, "hypothesisId": "H1"}
{"sessionId": "138a82", "timestamp": 1774732125749, "location": "dashboard.py", "message": "DO_POST_CALLED", "data": {"raw": "/api/dependency-map", "parsed": "/api/dependency-map"}, "hypothesisId": "H1"}
{"sessionId": "138a82", "timestamp": 1774732158801, "location": "dashboard.py", "message": "SERVER_STARTUP", "data": {"pid": 27620, "endpoints_registered": ["/api/scan/stream", "/api/export/json", "/api/export/csv", "/api/export/html", "/api/ai-analysis", "/api/send-email", "/api/dependency-map"], "ai_key_set": true, "smtp_host_set": true}, "hypothesisId": "H2"}
{"sessionId": "138a82", "timestamp": 1774732168614, "location": "dashboard.py", "message": "DO_POST_CALLED", "data": {"raw": "/api/scan/stream", "parsed": "/api/scan/stream"}, "hypothesisId": "H1"}
{"sessionId": "138a82", "timestamp": 1774732170920, "location": "dashboard.py", "message": "DO_POST_CALLED", "data": {"raw": "/api/dependency-map", "parsed": "/api/dependency-map"}, "hypothesisId": "H1"}
{"sessionId": "138a82", "timestamp": 1774732194678, "location": "dashboard.py", "message": "DO_POST_CALLED", "data": {"raw": "/api/ai-analysis", "parsed": "/api/ai-analysis"}, "hypothesisId": "H1"}
{"sessionId": "138a82", "timestamp": 1774732202833, "location": "dashboard.py", "message": "DO_POST_CALLED", "data": {"raw": "/api/send-email", "parsed": "/api/send-email"}, "hypothesisId": "H1"}
{"sessionId": "138a82", "timestamp": 1774732247312, "location": "dashboard.py", "message": "SERVER_STARTUP", "data": {"pid": 16812, "endpoints_registered": ["/api/scan/stream", "/api/export/json", "/api/export/csv", "/api/export/html", "/api/ai-analysis", "/api/send-email", "/api/dependency-map"], "ai_key_set": true, "smtp_host_set": true}, "hypothesisId": "H2"}
{"sessionId": "138a82", "timestamp": 1774732309744, "location": "dashboard.py", "message": "DO_POST_CALLED", "data": {"raw": "/api/scan/stream", "parsed": "/api/scan/stream"}, "hypothesisId": "H1"}
{"sessionId": "138a82", "timestamp": 1774732334817, "location": "dashboard.py", "message": "DO_POST_CALLED", "data": {"raw": "/api/scan/stream", "parsed": "/api/scan/stream"}, "hypothesisId": "H1"}
{"sessionId": "138a82", "timestamp": 1774732340263, "location": "dashboard.py", "message": "DO_POST_CALLED", "data": {"raw": "/api/scan/stream", "parsed": "/api/scan/stream"}, "hypothesisId": "H1"}
{"sessionId": "138a82", "timestamp": 1774732349400, "location": "dashboard.py", "message": "DO_POST_CALLED", "data": {"raw": "/api/scan/stream", "parsed": "/api/scan/stream"}, "hypothesisId": "H1"}
{"sessionId": "138a82", "timestamp": 1774732352210, "location": "dashboard.py", "message": "DO_POST_CALLED", "data": {"raw": "/api/dependency-map", "parsed": "/api/dependency-map"}, "hypothesisId": "H1"}
{"sessionId": "138a82", "timestamp": 1774732382672, "location": "dashboard.py", "message": "DO_POST_CALLED", "data": {"raw": "/api/scan/stream", "parsed": "/api/scan/stream"}, "hypothesisId": "H1"}
{"sessionId": "138a82", "timestamp": 1774732385145, "location": "dashboard.py", "message": "DO_POST_CALLED", "data": {"raw": "/api/dependency-map", "parsed": "/api/dependency-map"}, "hypothesisId": "H1"}
{"sessionId": "138a82", "timestamp": 1774732442119, "location": "dashboard.py", "message": "SERVER_STARTUP", "data": {"pid": 18556, "endpoints_registered": ["/api/scan/stream", "/api/export/json", "/api/export/csv", "/api/export/html", "/api/ai-analysis", "/api/send-email", "/api/dependency-map"], "ai_key_set": true, "smtp_host_set": true}, "hypothesisId": "H2"}
{"sessionId": "138a82", "timestamp": 1774732494862, "location": "dashboard.py", "message": "DO_POST_CALLED", "data": {"raw": "/api/ai-analysis", "parsed": "/api/ai-analysis"}, "hypothesisId": "H1"}
{"sessionId": "138a82", "timestamp": 1774732806544, "location": "dashboard.py", "message": "SERVER_STARTUP", "data": {"pid": 34400, "endpoints_registered": ["/api/scan/stream", "/api/export/json", "/api/export/csv", "/api/export/html", "/api/ai-analysis", "/api/send-email", "/api/dependency-map"], "ai_key_set": true, "smtp_host_set": true}, "hypothesisId": "H2"}
{"sessionId": "138a82", "timestamp": 1774732825743, "location": "dashboard.py", "message": "SERVER_STARTUP", "data": {"pid": 17108, "endpoints_registered": ["/api/scan/stream", "/api/export/json", "/api/export/csv", "/api/export/html", "/api/ai-analysis", "/api/send-email", "/api/dependency-map"], "ai_key_set": true, "smtp_host_set": true}, "hypothesisId": "H2"}
{"sessionId": "138a82", "timestamp": 1774732846559, "location": "dashboard.py", "message": "SERVER_STARTUP", "data": {"pid": 34624, "endpoints_registered": ["/api/scan/stream", "/api/export/json", "/api/export/csv", "/api/export/html", "/api/ai-analysis", "/api/send-email", "/api/dependency-map"], "ai_key_set": true, "smtp_host_set": true}, "hypothesisId": "H2"}
{"sessionId": "138a82", "timestamp": 1774732877909, "location": "dashboard.py", "message": "DO_POST_CALLED", "data": {"raw": "/api/scan/stream", "parsed": "/api/scan/stream"}, "hypothesisId": "H1"}
{"sessionId": "138a82", "timestamp": 1774732881704, "location": "dashboard.py", "message": "DO_POST_CALLED", "data": {"raw": "/api/scan/stream", "parsed": "/api/scan/stream"}, "hypothesisId": "H1"}
{"sessionId": "138a82", "timestamp": 1774732907012, "location": "dashboard.py", "message": "DO_POST_CALLED", "data": {"raw": "/api/scan/stream", "parsed": "/api/scan/stream"}, "hypothesisId": "H1"}
{"sessionId": "138a82", "timestamp": 1774732914346, "location": "dashboard.py", "message": "DO_POST_CALLED", "data": {"raw": "/api/ai-analysis", "parsed": "/api/ai-analysis"}, "hypothesisId": "H1"}
{"sessionId": "138a82", "timestamp": 1774732940279, "location": "dashboard.py", "message": "DO_POST_CALLED", "data": {"raw": "/api/dependency-map", "parsed": "/api/dependency-map"}, "hypothesisId": "H1"}
{"sessionId": "138a82", "timestamp": 1774732980473, "location": "dashboard.py", "message": "DO_POST_CALLED", "data": {"raw": "/api/send-email", "parsed": "/api/send-email"}, "hypothesisId": "H1"}
